02 Apr 2024 - 23:26:13 INFO  o.example.ProjectYutobeeApplication - Starting ProjectYutobeeApplication using Java 21.0.1 with PID 13128 (D:\programer\proekt\yutobe\ProjectYutobee\target\classes started by acer in D:\programer\proekt\yutobe\ProjectYutobee)
02 Apr 2024 - 23:26:13 INFO  o.example.ProjectYutobeeApplication - The following 1 profile is active: "local"
02 Apr 2024 - 23:26:14 INFO  o.s.d.r.c.RepositoryConfigurationDelegate - Bootstrapping Spring Data JPA repositories in DEFAULT mode.
02 Apr 2024 - 23:26:14 INFO  o.s.d.r.c.RepositoryConfigurationDelegate - Finished Spring Data repository scanning in 100 ms. Found 14 JPA repository interfaces.
02 Apr 2024 - 23:26:15 INFO  o.s.b.w.e.tomcat.TomcatWebServer - Tomcat initialized with port 8080 (http)
02 Apr 2024 - 23:26:15 INFO  o.a.catalina.core.StandardService - Starting service [Tomcat]
02 Apr 2024 - 23:26:15 INFO  o.a.catalina.core.StandardEngine - Starting Servlet engine: [Apache Tomcat/10.1.19]
02 Apr 2024 - 23:26:15 INFO  o.a.c.c.C.[Tomcat].[localhost].[/] - Initializing Spring embedded WebApplicationContext
02 Apr 2024 - 23:26:15 INFO  o.s.b.w.s.c.ServletWebServerApplicationContext - Root WebApplicationContext: initialization completed in 1974 ms
02 Apr 2024 - 23:26:15 INFO  o.h.jpa.internal.util.LogHelper - HHH000204: Processing PersistenceUnitInfo [name: default]
02 Apr 2024 - 23:26:15 INFO  org.hibernate.Version - HHH000412: Hibernate ORM core version 6.4.4.Final
02 Apr 2024 - 23:26:15 INFO  o.h.c.i.RegionFactoryInitiator - HHH000026: Second-level cache disabled
02 Apr 2024 - 23:26:16 INFO  o.s.o.j.p.SpringPersistenceUnitInfo - No LoadTimeWeaver setup: ignoring JPA class transformer
02 Apr 2024 - 23:26:16 INFO  com.zaxxer.hikari.HikariDataSource - HikariPool-1 - Starting...
02 Apr 2024 - 23:26:16 INFO  com.zaxxer.hikari.pool.HikariPool - HikariPool-1 - Added connection org.postgresql.jdbc.PgConnection@60652518
02 Apr 2024 - 23:26:16 INFO  com.zaxxer.hikari.HikariDataSource - HikariPool-1 - Start completed.
02 Apr 2024 - 23:26:18 INFO  o.h.e.t.j.p.i.JtaPlatformInitiator - HHH000489: No JTA platform available (set 'hibernate.transaction.jta.platform' to enable JTA platform integration)
02 Apr 2024 - 23:26:18 INFO  o.s.o.j.LocalContainerEntityManagerFactoryBean - Initialized JPA EntityManagerFactory for persistence unit 'default'
02 Apr 2024 - 23:26:18 INFO  o.s.d.j.r.query.QueryEnhancerFactory - Hibernate is in classpath; If applicable, HQL parser will be used.
02 Apr 2024 - 23:26:19 WARN  o.s.b.a.o.j.JpaBaseConfiguration$JpaWebConfiguration - spring.jpa.open-in-view is enabled by default. Therefore, database queries may be performed during view rendering. Explicitly configure spring.jpa.open-in-view to disable this warning
02 Apr 2024 - 23:26:20 INFO  o.s.s.web.DefaultSecurityFilterChain - Will secure any request with [org.springframework.security.web.session.DisableEncodeUrlFilter@473e0536, org.springframework.security.web.context.request.async.WebAsyncManagerIntegrationFilter@7f8f120c, org.springframework.security.web.context.SecurityContextHolderFilter@2e962cec, org.springframework.security.web.header.HeaderWriterFilter@5ec10ab1, org.springframework.security.web.authentication.logout.LogoutFilter@7ceb432c, org.example.projectyutobe.config.JwtTokenFilter@5f72aaed, org.springframework.security.web.savedrequest.RequestCacheAwareFilter@10e28d97, org.springframework.security.web.servletapi.SecurityContextHolderAwareRequestFilter@37d43b9b, org.springframework.security.web.authentication.AnonymousAuthenticationFilter@2110b756, org.springframework.security.web.access.ExceptionTranslationFilter@808fa1, org.springframework.security.web.access.intercept.AuthorizationFilter@627b5e5b]
02 Apr 2024 - 23:26:20 WARN  o.s.b.w.s.c.AnnotationConfigServletWebServerApplicationContext - Exception encountered during context initialization - cancelling refresh attempt: org.springframework.context.ApplicationContextException: Failed to start bean 'webServerStartStop'
02 Apr 2024 - 23:26:20 INFO  o.s.o.j.LocalContainerEntityManagerFactoryBean - Closing JPA EntityManagerFactory for persistence unit 'default'
02 Apr 2024 - 23:26:20 INFO  com.zaxxer.hikari.HikariDataSource - HikariPool-1 - Shutdown initiated...
02 Apr 2024 - 23:26:20 INFO  com.zaxxer.hikari.HikariDataSource - HikariPool-1 - Shutdown completed.
02 Apr 2024 - 23:26:20 INFO  o.s.b.a.l.ConditionEvaluationReportLogger - 

Error starting ApplicationContext. To display the condition evaluation report re-run your application with 'debug' enabled.
02 Apr 2024 - 23:26:20 ERROR o.s.b.d.LoggingFailureAnalysisReporter - 

***************************
APPLICATION FAILED TO START
***************************

Description:

Web server failed to start. Port 8080 was already in use.

Action:

Identify and stop the process that's listening on port 8080 or configure this application to listen on another port.

02 Apr 2024 - 23:26:40 INFO  o.example.ProjectYutobeeApplication - Starting ProjectYutobeeApplication using Java 21.0.1 with PID 7720 (D:\programer\proekt\yutobe\ProjectYutobee\target\classes started by acer in D:\programer\proekt\yutobe\ProjectYutobee)
02 Apr 2024 - 23:26:40 INFO  o.example.ProjectYutobeeApplication - The following 1 profile is active: "local"
02 Apr 2024 - 23:26:42 INFO  o.s.d.r.c.RepositoryConfigurationDelegate - Bootstrapping Spring Data JPA repositories in DEFAULT mode.
02 Apr 2024 - 23:26:42 INFO  o.s.d.r.c.RepositoryConfigurationDelegate - Finished Spring Data repository scanning in 102 ms. Found 14 JPA repository interfaces.
02 Apr 2024 - 23:26:43 INFO  o.s.b.w.e.tomcat.TomcatWebServer - Tomcat initialized with port 8080 (http)
02 Apr 2024 - 23:26:43 INFO  o.a.catalina.core.StandardService - Starting service [Tomcat]
02 Apr 2024 - 23:26:43 INFO  o.a.catalina.core.StandardEngine - Starting Servlet engine: [Apache Tomcat/10.1.19]
02 Apr 2024 - 23:26:43 INFO  o.a.c.c.C.[Tomcat].[localhost].[/] - Initializing Spring embedded WebApplicationContext
02 Apr 2024 - 23:26:43 INFO  o.s.b.w.s.c.ServletWebServerApplicationContext - Root WebApplicationContext: initialization completed in 2198 ms
02 Apr 2024 - 23:26:43 INFO  o.h.jpa.internal.util.LogHelper - HHH000204: Processing PersistenceUnitInfo [name: default]
02 Apr 2024 - 23:26:43 INFO  org.hibernate.Version - HHH000412: Hibernate ORM core version 6.4.4.Final
02 Apr 2024 - 23:26:43 INFO  o.h.c.i.RegionFactoryInitiator - HHH000026: Second-level cache disabled
02 Apr 2024 - 23:26:43 INFO  o.s.o.j.p.SpringPersistenceUnitInfo - No LoadTimeWeaver setup: ignoring JPA class transformer
02 Apr 2024 - 23:26:43 INFO  com.zaxxer.hikari.HikariDataSource - HikariPool-1 - Starting...
02 Apr 2024 - 23:26:44 INFO  com.zaxxer.hikari.pool.HikariPool - HikariPool-1 - Added connection org.postgresql.jdbc.PgConnection@118cbded
02 Apr 2024 - 23:26:44 INFO  com.zaxxer.hikari.HikariDataSource - HikariPool-1 - Start completed.
02 Apr 2024 - 23:26:45 INFO  o.h.e.t.j.p.i.JtaPlatformInitiator - HHH000489: No JTA platform available (set 'hibernate.transaction.jta.platform' to enable JTA platform integration)
02 Apr 2024 - 23:26:46 INFO  o.s.o.j.LocalContainerEntityManagerFactoryBean - Initialized JPA EntityManagerFactory for persistence unit 'default'
02 Apr 2024 - 23:26:46 INFO  o.s.d.j.r.query.QueryEnhancerFactory - Hibernate is in classpath; If applicable, HQL parser will be used.
02 Apr 2024 - 23:26:48 WARN  o.s.b.a.o.j.JpaBaseConfiguration$JpaWebConfiguration - spring.jpa.open-in-view is enabled by default. Therefore, database queries may be performed during view rendering. Explicitly configure spring.jpa.open-in-view to disable this warning
02 Apr 2024 - 23:26:48 INFO  o.s.s.web.DefaultSecurityFilterChain - Will secure any request with [org.springframework.security.web.session.DisableEncodeUrlFilter@4001dc35, org.springframework.security.web.context.request.async.WebAsyncManagerIntegrationFilter@399ef33f, org.springframework.security.web.context.SecurityContextHolderFilter@747e0a31, org.springframework.security.web.header.HeaderWriterFilter@3794621d, org.springframework.security.web.authentication.logout.LogoutFilter@35852b6, org.example.projectyutobe.config.JwtTokenFilter@5ce045e3, org.springframework.security.web.savedrequest.RequestCacheAwareFilter@6142b9dd, org.springframework.security.web.servletapi.SecurityContextHolderAwareRequestFilter@5bd11ad6, org.springframework.security.web.authentication.AnonymousAuthenticationFilter@39b752f4, org.springframework.security.web.access.ExceptionTranslationFilter@4e6c4c55, org.springframework.security.web.access.intercept.AuthorizationFilter@39a809db]
02 Apr 2024 - 23:26:49 INFO  o.s.b.w.e.tomcat.TomcatWebServer - Tomcat started on port 8080 (http) with context path ''
02 Apr 2024 - 23:26:49 INFO  o.example.ProjectYutobeeApplication - Started ProjectYutobeeApplication in 9.011 seconds (process running for 10.039)
02 Apr 2024 - 23:26:49 INFO  o.f.c.i.license.VersionPrinter - Flyway Community Edition 9.22.3 by Redgate
02 Apr 2024 - 23:26:49 INFO  o.f.c.i.license.VersionPrinter - See release notes here: https://rd.gt/416ObMi
02 Apr 2024 - 23:26:49 INFO  o.f.c.i.license.VersionPrinter - 
02 Apr 2024 - 23:26:49 INFO  org.flywaydb.core.FlywayExecutor - Database: jdbc:postgresql://localhost:5432/yutobe (PostgreSQL 15.2)
02 Apr 2024 - 23:26:49 INFO  o.f.core.internal.command.DbValidate - Successfully validated 5 migrations (execution time 00:00.017s)
02 Apr 2024 - 23:26:49 INFO  o.f.core.internal.command.DbMigrate - Current version of schema "public": 5
02 Apr 2024 - 23:26:49 ERROR o.f.core.internal.command.DbMigrate - Schema "public" has version 5, but no migration could be resolved in the configured locations !
02 Apr 2024 - 23:26:49 INFO  o.f.core.internal.command.DbMigrate - Schema "public" is up to date. No migration necessary.
